<?xml version="1.0" encoding="UTF-8"?>
<!-- Generated by org.testng.reporters.JUnitXMLReporter -->
<testsuite hostname="CLLQAPRIADT058" failures="0" tests="18" name="Product Master Functional Tests" time="128.836" errors="0" timestamp="23 Aug 2018 12:10:35 GMT">
  <testcase classname="Merchandising.ProductMaster" name="navigateMerchandising" time="10.755"/>
  <testcase classname="Merchandising.ProductMaster" name="navigateProductMaster" time="8.437"/>
  <testcase classname="Merchandising.ProductMaster_NEW" name="navigateProductMaster" time="9.477"/>
  <testcase classname="Merchandising.ProductMaster_NEW" name="clickNew" time="9.207"/>
  <testcase classname="Merchandising.ProductMaster_NEW" name="productDetailsAccordions" time="0.234"/>
  <testcase classname="Merchandising.ProductMaster_NEW" name="openAccordions" time="11.033"/>
  <testcase classname="Merchandising.ProductMaster_EditProduct" name="navigate_ProductMaster" time="11.532"/>
  <testcase classname="Merchandising.ProductMaster_EditProduct" name="select_ProductToEdit" time="4.625"/>
  <testcase classname="Merchandising.ProductMaster_EditProduct" name="verify_EditProduct" time="5.152"/>
  <testcase classname="Merchandising.ProductMaster_EditProduct" name="setEditDetails_Save" time="4.828"/>
  <testcase classname="Merchandising.ProductMaster_EditProduct" name="verify_EditDetailsSaved" time="5.222"/>
  <testcase classname="Merchandising.ProductMaster_VIEW" name="navigate_ProductMaster" time="13.609"/>
  <testcase classname="Merchandising.ProductMaster_VIEW" name="select_ProductToView" time="4.629"/>
  <testcase classname="Merchandising.ProductMaster_VIEW" name="verify_viewProduct" time="5.467"/>
  <testcase classname="Merchandising.ProductMaster_VIEW" name="verify_ListButton" time="5.205"/>
  <testcase classname="Merchandising.ProductMaster_SEARCH" name="a_navigate_ProductMaster" time="9.537"/>
  <testcase classname="Merchandising.ProductMaster_SEARCH" name="b_searchBYcode" time="5.365"/>
  <testcase classname="Merchandising.ProductMaster_SEARCH" name="c_searchBYdescription" time="4.478"/>
</testsuite> <!-- Product Master Functional Tests -->
