<?xml version="1.0" encoding="UTF-8"?>
<!-- Generated by org.testng.reporters.JUnitXMLReporter -->
<testsuite hostname="CLLQAPRIADT058" failures="0" tests="6" name="Verify New Button-New product Master" time="42.367" errors="0" timestamp="22 Aug 2018 10:35:35 GMT">
  <testcase classname="Nexx.Merch_ProductMaster_New" name="openBrowser" time="5.196"/>
  <testcase classname="Nexx.Merch_ProductMaster_New" name="setloginCredentials" time="4.678"/>
  <testcase classname="Nexx.Merch_ProductMaster_New" name="verifyLogin" time="1.064"/>
  <testcase classname="Nexx.Merch_ProductMaster_New" name="navigateProductMaster" time="17.005"/>
  <testcase classname="Nexx.Merch_ProductMaster_New" name="clickNew" time="14.193"/>
  <testcase classname="Nexx.Merch_ProductMaster_New" name="checkboxOneAtATime" time="0.212"/>
</testsuite> <!-- Verify New Button-New product Master -->
