<?xml version="1.0" encoding="UTF-8"?>
<!-- Generated by org.testng.reporters.JUnitXMLReporter -->
<testsuite hostname="CLLQAPRIADT058" failures="0" tests="6" name="Verify- Navigation To product Master" time="31.996" errors="0" timestamp="22 Aug 2018 14:25:15 GMT">
  <testcase classname="Merchandising.ProductMaster" name="openBrowser" time="5.864"/>
  <testcase classname="Merchandising.ProductMaster" name="setloginCredentials" time="4.849"/>
  <testcase classname="Merchandising.ProductMaster" name="verifyLogin" time="0.822"/>
  <testcase classname="Merchandising.ProductMaster" name="navigateMerchandising" time="10.827"/>
  <testcase classname="Merchandising.ProductMaster" name="navigateProductMaster" time="6.35"/>
  <testcase classname="Merchandising.ProductMaster" name="closeBrowser" time="3.267"/>
</testsuite> <!-- Verify- Navigation To product Master -->
