<?xml version="1.0" encoding="UTF-8"?>
<!-- Generated by org.testng.reporters.JUnitXMLReporter -->
<testsuite hostname="CLLQAPRIADT058" failures="0" tests="3" name="Default test" time="10.73" errors="0" timestamp="22 Aug 2018 09:51:50 GMT">
  <testcase classname="Nexx.loginTest" name="openBrowser" time="4.93"/>
  <testcase classname="Nexx.loginTest" name="setloginCredentials" time="4.68"/>
  <testcase classname="Nexx.loginTest" name="verifyLogin" time="1.104"/>
</testsuite> <!-- Default test -->
