<?xml version="1.0" encoding="UTF-8"?>
<!-- Generated by org.testng.reporters.JUnitXMLReporter -->
<testsuite hostname="CLLQAPRIADT058" failures="0" tests="4" name="Default test" time="20.768" errors="0" timestamp="24 Aug 2018 13:48:32 GMT">
  <testcase classname="LoginTest.LoginTest" name="openBrowser" time="5.689"/>
  <testcase classname="LoginTest.LoginTest" name="setloginCredentials" time="6.565"/>
  <testcase classname="LoginTest.LoginTest" name="verifyLogin" time="2.225"/>
  <testcase classname="LoginTest.LoginTest" name="closeBrowser" time="6.276"/>
</testsuite> <!-- Default test -->
